INFO:root:[03/25/2022,21:53:36] PROGRAM RUNNING , NETWORK IS TESTNET
INFO:root:[03/25/2022,21:53:48] BUYING PROGRAM IS EXECUTE | YOUR TX HASH INFO :: 0xc60f5cd770f348b161164075567573d5a7937de34ac6aef4f602b84d051af110
INFO:root:[03/25/2022,21:54:12] PROGRAM RUNNING , NETWORK IS TESTNET
INFO:root:[03/25/2022,21:54:12] APPROVE SELL IS EXECUTE | YOUR TX HASH INFO :: 0xcb9a6dd49262dd7e09255b6b7d9c6face6b4c32a2c975a1e0f3cb745ff93df0f
INFO:root:[03/25/2022,21:54:12] SELL IS EXECUTE | YOUR TX HASH INFO :: 0x4db6fd473462f6f4cf9ba1899082666587d1127f6bf761d5361a20c9fc7fcf73
INFO:root:[04/01/2022,00:49:11] PROGRAM RUNNING , NETWORK IS MAINNET
INFO:root:[04/01/2022,00:51:02] PROGRAM RUNNING , NETWORK IS MAINNET
INFO:root:[04/01/2022,00:52:13] PROGRAM RUNNING , NETWORK IS MAINNET
INFO:root:[04/01/2022,00:59:47] BUYING PROGRAM IS EXECUTE | YOUR TX HASH INFO :: 0xe44c7d1a1f81d40e54a6fff57af4aa86f89c67654c9ca4d3b02ff8d7fa51198c
INFO:root:[04/01/2022,01:00:18] PROGRAM RUNNING , NETWORK IS MAINNET
INFO:root:[04/01/2022,01:00:18] APPROVE SELL IS EXECUTE | YOUR TX HASH INFO :: 0xc88d46a3f62a1f36433e89fbafab0b309dcf19af6a5e8919283986eccbfe7dd1
INFO:root:[04/07/2022,03:32:49] PROGRAM RUNNING , NETWORK IS TESTNET
INFO:root:[04/07/2022,03:34:05] BUYING PROGRAM IS EXECUTE | YOUR TX HASH INFO :: 0x2a7df002e2fe691d14ec3fa01505b4707db3f8faa6cad2970c3d1633e2cf91f9
INFO:root:[04/07/2022,03:34:27] PROGRAM RUNNING , NETWORK IS TESTNET
INFO:root:[04/07/2022,03:34:27] APPROVE SELL IS EXECUTE | YOUR TX HASH INFO :: 0x38d7d7dc12b5849ea78971a4c5bc3b7e149779b793388ade03ff697e159b66d7
INFO:root:[04/07/2022,03:34:27] SELL IS EXECUTE | YOUR TX HASH INFO :: 0x6b6ff421888f622539982c8cc63c18c90b1530a98ec1cbdaab1994270691aa5b
INFO:root:[04/07/2022,03:36:58] PROGRAM RUNNING , NETWORK IS TESTNET
INFO:root:[04/07/2022,03:37:02] BUYING PROGRAM IS EXECUTE | YOUR TX HASH INFO :: 0x0fb4a953850473ece3f67715360f073471ac3cc7335b1474036f3bdcb2a7b750
INFO:root:[04/07/2022,03:37:20] PROGRAM RUNNING , NETWORK IS TESTNET
INFO:root:[04/07/2022,03:38:33] PROGRAM RUNNING , NETWORK IS TESTNET
INFO:root:[04/07/2022,03:38:37] BUYING PROGRAM IS EXECUTE | YOUR TX HASH INFO :: 0xa4d2682879eea54f308812b6bf8651c55282f4d108587ccf17e15d800c42f71a
INFO:root:[04/07/2022,03:38:54] PROGRAM RUNNING , NETWORK IS TESTNET
INFO:root:[04/07/2022,03:38:55] APPROVE SELL IS EXECUTE | YOUR TX HASH INFO :: 0x0f4b62a7534bec1e5c2d97a843ee9b260594c64eb26eff09a131900158bbdb08
INFO:root:[04/07/2022,03:38:55] SELL IS EXECUTE | YOUR TX HASH INFO :: 0x24806cba13c62f54a03074e593e4f4c4e83d661c72a2c1fbb1845d5374ed27a3
INFO:root:[04/07/2022,03:45:12] PROGRAM RUNNING , NETWORK IS TESTNET
INFO:root:[04/07/2022,03:45:16] BUYING PROGRAM IS EXECUTE | YOUR TX HASH INFO :: 0x350ebd7543edd78733bbdde9772bc006f9f2640153b45699787d6f39a591b3b7
INFO:root:[04/07/2022,03:45:32] PROGRAM RUNNING , NETWORK IS TESTNET
INFO:root:[04/07/2022,03:46:18] PROGRAM RUNNING , NETWORK IS TESTNET
INFO:root:[04/07/2022,03:52:13] PROGRAM RUNNING , NETWORK IS TESTNET
INFO:root:[04/07/2022,03:53:31] PROGRAM RUNNING , NETWORK IS TESTNET
INFO:root:[04/07/2022,03:53:33] BUYING PROGRAM IS EXECUTE | YOUR TX HASH INFO :: 0x7859751f9cd8cc238515b52ab8c13f487534421363d9a81217a3af7a2c3414c0
INFO:root:[04/07/2022,03:53:51] PROGRAM RUNNING , NETWORK IS TESTNET
INFO:root:[04/07/2022,04:00:13] PROGRAM RUNNING , NETWORK IS TESTNET
INFO:root:[04/07/2022,04:00:32] PROGRAM RUNNING , NETWORK IS TESTNET
INFO:root:[04/07/2022,04:00:57] BUYING PROGRAM IS EXECUTE | YOUR TX HASH INFO :: 0x78cf6d2a8f793d1432dd65cc6d576d0fba945f44659330d97dfa14c3c79564a0
INFO:root:[04/08/2022,02:38:20] PROGRAM RUNNING , NETWORK IS TESTNET
INFO:root:[04/08/2022,02:39:25] PROGRAM RUNNING , NETWORK IS TESTNET
INFO:root:[04/08/2022,02:43:02] PROGRAM RUNNING , NETWORK IS TESTNET
INFO:root:[04/08/2022,02:44:39] PROGRAM RUNNING , NETWORK IS TESTNET
INFO:root:[04/08/2022,02:45:01] PROGRAM RUNNING , NETWORK IS TESTNET
INFO:root:[04/08/2022,02:45:24] PROGRAM RUNNING , NETWORK IS TESTNET
INFO:root:[04/08/2022,02:47:06] PROGRAM RUNNING , NETWORK IS TESTNET
INFO:root:[04/08/2022,02:47:36] PROGRAM RUNNING , NETWORK IS TESTNET
INFO:root:[04/08/2022,02:48:15] PROGRAM RUNNING , NETWORK IS TESTNET
INFO:root:[02:51:08.142] PROGRAM RUNNING , NETWORK IS TESTNET
INFO:root:[02:52:20.168] PROGRAM RUNNING , NETWORK IS TESTNET
INFO:root:[02:53:37.965] PROGRAM RUNNING , NETWORK IS TESTNET
INFO:root:[02:54:38.403] PROGRAM RUNNING , NETWORK IS TESTNET
INFO:root:[02:55:52.729] PROGRAM RUNNING , NETWORK IS TESTNET
INFO:root:[02:56:26.945] PROGRAM RUNNING , NETWORK IS TESTNET
INFO:root:[02:56:47.225] PROGRAM RUNNING , NETWORK IS TESTNET
INFO:root:[02:57:32.726] PROGRAM RUNNING , NETWORK IS TESTNET
INFO:root:[02:57:53.249] PROGRAM RUNNING , NETWORK IS TESTNET
INFO:root:[02:58:57.704] PROGRAM RUNNING , NETWORK IS TESTNET
INFO:root:[02:59:56.812] PROGRAM RUNNING , NETWORK IS TESTNET
INFO:root:[03:01:05.200] PROGRAM RUNNING , NETWORK IS TESTNET
INFO:root:[03:01:38.100] PROGRAM RUNNING , NETWORK IS TESTNET
INFO:root:[03:01:48.030] BUYING PROGRAM IS EXECUTE | YOUR TX HASH INFO :: 0xf558dda6d2e1d09ecec4061a494312800e059bbd4e8cec9c5f5b10ed8b7caad2
INFO:root:[03:02:15.615] PROGRAM RUNNING , NETWORK IS TESTNET
INFO:root:[03:03:44.490] PROGRAM RUNNING , NETWORK IS TESTNET
INFO:root:[03:06:35.894] PROGRAM RUNNING , NETWORK IS TESTNET
INFO:root:[03:08:13.063] PROGRAM RUNNING , NETWORK IS TESTNET
INFO:root:[03:08:43.776] PROGRAM RUNNING , NETWORK IS TESTNET
INFO:root:[03:09:41.961] PROGRAM RUNNING , NETWORK IS TESTNET
INFO:root:[03:10:06.415] PROGRAM RUNNING , NETWORK IS TESTNET
INFO:root:[03:10:46.584] PROGRAM RUNNING , NETWORK IS TESTNET
INFO:root:[03:11:18.162] PROGRAM RUNNING , NETWORK IS TESTNET
INFO:root:[03:12:35.030] PROGRAM RUNNING , NETWORK IS TESTNET
INFO:root:[03:13:28.252] PROGRAM RUNNING , NETWORK IS TESTNET
INFO:root:[03:13:43.144] PROGRAM RUNNING , NETWORK IS TESTNET
INFO:root:[03:14:25.011] PROGRAM RUNNING , NETWORK IS TESTNET
INFO:root:[03:15:06.851] PROGRAM RUNNING , NETWORK IS TESTNET
INFO:root:[03:15:22.401] PROGRAM RUNNING , NETWORK IS TESTNET
INFO:root:[03:15:41.499] PROGRAM RUNNING , NETWORK IS TESTNET
INFO:root:[03:16:33.221] PROGRAM RUNNING , NETWORK IS TESTNET
INFO:root:[03:17:41.396] PROGRAM RUNNING , NETWORK IS TESTNET
INFO:root:[03:18:20.532] PROGRAM RUNNING , NETWORK IS TESTNET
INFO:root:[03:19:23.303] PROGRAM RUNNING , NETWORK IS TESTNET
INFO:root:[03:20:27.921] PROGRAM RUNNING , NETWORK IS TESTNET
INFO:root:[04/08/2022,03:20:55] PROGRAM RUNNING , NETWORK IS TESTNET
INFO:root:[04/08/2022,03:26:15] PROGRAM RUNNING , NETWORK IS TESTNET
INFO:root:[04/08/2022,03:27:27] PROGRAM RUNNING , NETWORK IS TESTNET
INFO:root:[04/08/2022,03:27:54] PROGRAM RUNNING , NETWORK IS TESTNET
INFO:root:[04/08/2022,03:28:28] PROGRAM RUNNING , NETWORK IS TESTNET
INFO:root:[04/08/2022,03:28:44] PROGRAM RUNNING , NETWORK IS TESTNET
INFO:root:[04/08/2022,03:28:59] PROGRAM RUNNING , NETWORK IS TESTNET
INFO:root:[04/08/2022,03:30:19] PROGRAM RUNNING , NETWORK IS TESTNET
INFO:root:[04/08/2022,03:30:42] PROGRAM RUNNING , NETWORK IS TESTNET
INFO:root:[04/08/2022,03:31:11] PROGRAM RUNNING , NETWORK IS TESTNET
INFO:root:[04/08/2022,03:34:04] PROGRAM RUNNING , NETWORK IS TESTNET
INFO:root:[04/08/2022,03:34:16] PROGRAM RUNNING , NETWORK IS TESTNET
INFO:root:[04/08/2022,03:34:34] PROGRAM RUNNING , NETWORK IS TESTNET
INFO:root:[04/08/2022,03:35:01] PROGRAM RUNNING , NETWORK IS TESTNET
INFO:root:[04/08/2022,03:35:21] PROGRAM RUNNING , NETWORK IS TESTNET
INFO:root:[04/08/2022,03:37:04] PROGRAM RUNNING , NETWORK IS TESTNET
INFO:root:[04/08/2022,03:37:40] PROGRAM RUNNING , NETWORK IS TESTNET
INFO:root:[04/08/2022,03:38:03] PROGRAM RUNNING , NETWORK IS TESTNET
INFO:root:[04/08/2022,05:17:45] PROGRAM RUNNING , NETWORK IS TESTNET
INFO:root:[04/08/2022,05:19:05] PROGRAM RUNNING , NETWORK IS TESTNET
INFO:root:[04/08/2022,05:19:41] PROGRAM RUNNING , NETWORK IS TESTNET
INFO:root:[04/08/2022,05:20:17] PROGRAM RUNNING , NETWORK IS TESTNET
INFO:root:[04/08/2022,05:21:38] PROGRAM RUNNING , NETWORK IS TESTNET
INFO:root:[04/08/2022,05:23:28] PROGRAM RUNNING , NETWORK IS MAINNET
INFO:root:[04/08/2022,05:24:44] PROGRAM RUNNING , NETWORK IS MAINNET
INFO:root:[04/08/2022,05:25:45] PROGRAM RUNNING , NETWORK IS MAINNET
INFO:root:[04/08/2022,05:26:09] PROGRAM RUNNING , NETWORK IS MAINNET
INFO:root:[04/08/2022,05:27:55] PROGRAM RUNNING , NETWORK IS MAINNET
INFO:root:[04/08/2022,05:29:30] PROGRAM RUNNING , NETWORK IS MAINNET
INFO:root:[04/08/2022,05:29:36] PROGRAM RUNNING , NETWORK IS MAINNET
INFO:root:[04/08/2022,05:30:42] PROGRAM RUNNING , NETWORK IS MAINNET
INFO:root:[04/08/2022,05:30:47] PROGRAM RUNNING , NETWORK IS MAINNET
INFO:root:[04/08/2022,05:31:01] PROGRAM RUNNING , NETWORK IS MAINNET
INFO:root:[04/08/2022,05:38:31] PROGRAM RUNNING , NETWORK IS MAINNET
INFO:root:[04/08/2022,05:39:27] PROGRAM RUNNING , NETWORK IS MAINNET
INFO:root:[04/08/2022,05:41:33] PROGRAM RUNNING , NETWORK IS MAINNET
INFO:root:[04/08/2022,05:42:02] PROGRAM RUNNING , NETWORK IS MAINNET
INFO:root:[04/08/2022,05:43:18] PROGRAM RUNNING , NETWORK IS MAINNET
INFO:root:[04/08/2022,05:43:37] PROGRAM RUNNING , NETWORK IS MAINNET
INFO:root:[04/08/2022,05:44:13] PROGRAM RUNNING , NETWORK IS MAINNET
INFO:root:[04/08/2022,05:44:27] PROGRAM RUNNING , NETWORK IS MAINNET
INFO:root:[04/08/2022,05:45:26] PROGRAM RUNNING , NETWORK IS MAINNET
INFO:root:[04/08/2022,05:45:48] PROGRAM RUNNING , NETWORK IS MAINNET
INFO:root:[04/08/2022,05:58:52] PROGRAM RUNNING , NETWORK IS TESTNET
INFO:root:[04/08/2022,06:29:21] PROGRAM RUNNING , NETWORK IS TESTNET
INFO:root:[04/08/2022,06:29:27] PROGRAM RUNNING , NETWORK IS TESTNET
INFO:root:[04/08/2022,19:25:27] PROGRAM RUNNING , NETWORK IS TESTNET
INFO:root:[04/08/2022,19:26:40] PROGRAM RUNNING , NETWORK IS TESTNET
INFO:root:[04/08/2022,19:27:38] PROGRAM RUNNING , NETWORK IS TESTNET
INFO:root:[04/08/2022,19:28:42] PROGRAM RUNNING , NETWORK IS TESTNET
INFO:root:[04/08/2022,19:29:09] PROGRAM RUNNING , NETWORK IS TESTNET
INFO:root:[04/08/2022,19:29:47] PROGRAM RUNNING , NETWORK IS TESTNET
INFO:root:[04/08/2022,19:30:43] PROGRAM RUNNING , NETWORK IS TESTNET
INFO:root:[04/08/2022,19:30:47] BUYING PROGRAM IS EXECUTE | YOUR TX HASH INFO :: 0x397b00dbe433618e84434aab0fa07b87bb4f57e66e02792ad592f5db33e2f555
INFO:root:[04/08/2022,19:31:16] PROGRAM RUNNING , NETWORK IS TESTNET
INFO:root:[04/08/2022,19:32:08] PROGRAM RUNNING , NETWORK IS TESTNET
INFO:root:[04/08/2022,19:32:16] BUYING PROGRAM IS EXECUTE | YOUR TX HASH INFO :: 0xe578c29e3bcf0baf5a95243516ec2435bad47518543bcb48e3d6480aa73de904
INFO:root:[04/08/2022,19:34:25] PROGRAM RUNNING , NETWORK IS TESTNET
INFO:root:[04/08/2022,19:34:32] BUYING PROGRAM IS EXECUTE | YOUR TX HASH INFO :: 0x22e090e284e036cf470d2139d1940a6bd5b43e338de91909f54ffefa2bf1755e
INFO:root:[04/08/2022,19:34:25] APPROVE SELL IS EXECUTE | YOUR TX HASH INFO :: 0x4583cb62b4ab7be8a146e6120c5312b97714f00643d38faf44a664afa9728cdb
INFO:root:[04/08/2022,19:34:25] SELL IS EXECUTE | YOUR TX HASH INFO :: 0xb7c968d27b0a5e03324eb10cbf0e3fb0e789e48e61c3c5cdb82fb2a1682a055c
INFO:root:[04/08/2022,19:36:53] PROGRAM RUNNING , NETWORK IS TESTNET
INFO:root:[04/08/2022,19:36:55] BUYING PROGRAM IS EXECUTE | YOUR TX HASH INFO :: 0x30fa9bb133ceefbc5746ea5b33266d6380749388d13c90e50f4127c4c22ed428
INFO:root:[04/08/2022,19:37:24] PROGRAM RUNNING , NETWORK IS TESTNET
INFO:root:[04/08/2022,19:37:31] BUYING PROGRAM IS EXECUTE | YOUR TX HASH INFO :: 0x9fced4742522e4c6de8d8739c1fc678c65bedcd4bb9fcef8f8e710d4ac38ff92
INFO:root:[04/08/2022,19:40:03] PROGRAM RUNNING , NETWORK IS TESTNET
INFO:root:[04/08/2022,19:40:07] BUYING PROGRAM IS EXECUTE | YOUR TX HASH INFO :: 0xe970cce56a38ab751a6f733517e26230ff212eae4e413c2692655f1f0d884367
INFO:root:[04/08/2022,19:41:30] PROGRAM RUNNING , NETWORK IS TESTNET
INFO:root:[04/08/2022,19:41:33] BUYING PROGRAM IS EXECUTE | YOUR TX HASH INFO :: 0x9346c3d8348099b3c27431be958567d4c3eb69df1f9508de7513e539f20f8da2
INFO:root:[04/08/2022,19:42:28] PROGRAM RUNNING , NETWORK IS TESTNET
INFO:root:[04/08/2022,19:42:29] BUYING PROGRAM IS EXECUTE | YOUR TX HASH INFO :: 0xea3da7372286bbf602f528dd6e8f7d6d1609fac9021e102f5437fb6e7d227050
INFO:root:[04/08/2022,19:42:29] APPROVE SELL IS EXECUTE | YOUR TX HASH INFO :: 0xdbad854c5238ecb058bb44418b8a3c8866fdc86615dc2c3e95c3f8b362064550
INFO:root:[04/08/2022,19:42:29] SELL IS EXECUTE | YOUR TX HASH INFO :: 0x3aaaab4e4ff067b24d639ce835541054cf6705bc49c53a16372ba885f5e886ee
INFO:root:[04/08/2022,19:43:02] PROGRAM RUNNING , NETWORK IS TESTNET
INFO:root:[04/08/2022,19:43:07] PROGRAM RUNNING , NETWORK IS TESTNET
INFO:root:[04/08/2022,19:43:17] PROGRAM RUNNING , NETWORK IS TESTNET
INFO:root:[04/08/2022,19:43:59] PROGRAM RUNNING , NETWORK IS TESTNET
INFO:root:[04/08/2022,19:44:53] PROGRAM RUNNING , NETWORK IS TESTNET
INFO:root:[04/08/2022,19:45:44] BUYING PROGRAM IS EXECUTE | YOUR TX HASH INFO :: 0x5667097d7a785119e8c63e18c96e0c49e35bb833a68765b470e01072a1addc8d
INFO:root:[04/08/2022,19:44:54] APPROVE SELL IS EXECUTE | YOUR TX HASH INFO :: 0x21e4e819107ba02aa4e90f4216b6b0df0459ab8ac2937e21004b8b912da745e4
INFO:root:[04/08/2022,19:44:54] SELL IS EXECUTE | YOUR TX HASH INFO :: 0x7d4dc6369315318fcaf14cb9e322b3faf4d7d754deb1f168017c14cc259c97ee
INFO:root:[04/08/2022,19:46:19] PROGRAM RUNNING , NETWORK IS TESTNET
INFO:root:[04/08/2022,19:46:21] BUYING PROGRAM IS EXECUTE | YOUR TX HASH INFO :: 0xcac58927012b8f473925ad497ed1aec7faa587fc5a14b250efe185b8e0f7f08c
INFO:root:[04/08/2022,19:46:19] APPROVE SELL IS EXECUTE | YOUR TX HASH INFO :: 0xb50b9961d1d5d22b1a7a280f540f65a9524a5b3c2b879d71df310f1d6a20fe8b
INFO:root:[04/08/2022,19:46:19] SELL IS EXECUTE | YOUR TX HASH INFO :: 0xfb7e5b9924567a767c6a1e48544eb31f65f677dd7ca38bb376135cdf625a414e
INFO:root:[04/08/2022,19:46:53] PROGRAM RUNNING , NETWORK IS TESTNET
INFO:root:[04/08/2022,19:46:57] BUYING PROGRAM IS EXECUTE | YOUR TX HASH INFO :: 0x09ae79dba6935ce95c57a853fb423f9b63ba67b51f0ea0346a29aa75a046af5b
INFO:root:[04/08/2022,19:46:53] APPROVE SELL IS EXECUTE | YOUR TX HASH INFO :: 0xa91452eee65789720c3641132f3c9faf9ad8184f981f88c1e0a8fbb9b593ac07
INFO:root:[04/08/2022,19:46:53] SELL IS EXECUTE | YOUR TX HASH INFO :: 0x842c35dc2f9b9b860d55c037e0caa0ef0431282581b92ef8237ef23eb37bf2ee
INFO:root:[04/08/2022,19:47:30] PROGRAM RUNNING , NETWORK IS TESTNET
INFO:root:[04/08/2022,19:47:35] BUYING PROGRAM IS EXECUTE | YOUR TX HASH INFO :: 0xc6a1f868ee364ecf13f7a7da8581fb3491fd9a6dbd1200236cd59ec9dc449f6b
INFO:root:[04/08/2022,19:47:31] APPROVE SELL IS EXECUTE | YOUR TX HASH INFO :: 0x9f7fef8c53ac582e1c6cc1acef21b9756844db1ae358d9dab94c052d58f2d9b7
INFO:root:[04/08/2022,19:50:39] PROGRAM RUNNING , NETWORK IS TESTNET
INFO:root:[04/08/2022,19:50:41] BUYING PROGRAM IS EXECUTE | YOUR TX HASH INFO :: 0x6d5dc8398b3c8923b606fb9eaf2cf7b30c0c8cdcbdc1e029f4e4cb72009241b1
INFO:root:[04/08/2022,19:51:24] PROGRAM RUNNING , NETWORK IS TESTNET
INFO:root:[04/08/2022,19:51:27] BUYING PROGRAM IS EXECUTE | YOUR TX HASH INFO :: 0x3c6ddfee2c838c99ef9282f81c86d8cb0efddaf0243dcb8b16d205cdf5b0713c
INFO:root:[04/08/2022,19:52:44] PROGRAM RUNNING , NETWORK IS TESTNET
INFO:root:[04/08/2022,19:52:45] BUYING PROGRAM IS EXECUTE | YOUR TX HASH INFO :: 0xe4c39c0beb75d567d84e6f3f8bb854a5c332d7ece761f72cc3d9b65ed3424dc5
INFO:root:[04/08/2022,19:53:50] PROGRAM RUNNING , NETWORK IS TESTNET
INFO:root:[04/08/2022,19:53:51] BUYING PROGRAM IS EXECUTE | YOUR TX HASH INFO :: 0xbfb3300d920e98ee44eb0f2ecac35881429c8f12dcd96288cc02964278ca1c41
INFO:root:[04/08/2022,19:57:49] PROGRAM RUNNING , NETWORK IS TESTNET
INFO:root:[04/08/2022,19:57:52] BUYING PROGRAM IS EXECUTE | YOUR TX HASH INFO :: 0x791856e15b808f7df5b204c68e67f65a59ea2ff0c9556686c5cba0f14167b0e4
INFO:root:[04/08/2022,19:58:27] PROGRAM RUNNING , NETWORK IS TESTNET
INFO:root:[04/08/2022,19:58:28] BUYING PROGRAM IS EXECUTE | YOUR TX HASH INFO :: 0x88e3d4ef837a9b0548baf2a41ab6d30359fe4aba7b92f5978b689d71db202aa8
INFO:root:[04/08/2022,19:58:27] APPROVE SELL IS EXECUTE | YOUR TX HASH INFO :: 0x51264e4b1507771ccd4d3e3f68685c2e7a2b0a0b602200b7c8ed2c2e422e5126
INFO:root:[04/08/2022,19:58:27] SELL IS EXECUTE | YOUR TX HASH INFO :: 0xd35b275924b1acae8ace92f5632bd13b8c3163dff70ae85da69cfdcc368b52b4
INFO:root:[04/08/2022,19:59:42] PROGRAM RUNNING , NETWORK IS TESTNET
INFO:root:[04/08/2022,19:59:44] BUYING PROGRAM IS EXECUTE | YOUR TX HASH INFO :: 0x535814b4599bd9609d018895bc2e283ba1ab833e6f5f5304c6806bce6d9eba00
INFO:root:[04/08/2022,19:59:43] APPROVE SELL IS EXECUTE | YOUR TX HASH INFO :: 0x42893087d2b6b1cf359dff0061cf7bccde6eb29f4de0b0d9f763d850438934a7
INFO:root:[04/08/2022,19:59:43] SELL IS EXECUTE | YOUR TX HASH INFO :: 0x631715dc3d1074222141d797cf1f0a40264922a78d3bc46b37a66d026aaeab50
INFO:root:[04/08/2022,20:00:23] PROGRAM RUNNING , NETWORK IS TESTNET
INFO:root:[04/08/2022,20:01:10] PROGRAM RUNNING , NETWORK IS TESTNET
INFO:root:[04/08/2022,20:01:11] BUYING PROGRAM IS EXECUTE | YOUR TX HASH INFO :: 0xd1391ee772c928f5237e32881f3a8bbee4534930140852a247c6d7aa6fea1e39
INFO:root:[04/08/2022,20:01:10] APPROVE SELL IS EXECUTE | YOUR TX HASH INFO :: 0xa1263e6d81f1a6d442d167d7a69f103b426851ec69249bd5012f434bf01bae7d
INFO:root:[04/08/2022,20:01:10] SELL IS EXECUTE | YOUR TX HASH INFO :: 0x6a605852c5567c9cd2d43b70284c25470c110e15937d0b6a4682c9e00ddde47e
INFO:root:[04/08/2022,20:02:08] PROGRAM RUNNING , NETWORK IS TESTNET
INFO:root:[04/08/2022,20:02:46] PROGRAM RUNNING , NETWORK IS TESTNET
INFO:root:[04/08/2022,20:03:04] PROGRAM RUNNING , NETWORK IS TESTNET
INFO:root:[04/08/2022,20:03:09] PROGRAM RUNNING , NETWORK IS TESTNET
INFO:root:[04/08/2022,20:03:11] BUYING PROGRAM IS EXECUTE | YOUR TX HASH INFO :: 0xf59ee4b41751ef9a14a84e46d0393a412476a4b628ce75485e5104046ccbb659
INFO:root:[04/08/2022,20:03:09] APPROVE SELL IS EXECUTE | YOUR TX HASH INFO :: 0xaf7f262de61d73c85a3651eb129a4c778668407d3ba4654f272bdf0f06435187
INFO:root:[04/08/2022,20:03:09] SELL IS EXECUTE | YOUR TX HASH INFO :: 0xffe31630dfbe96ebc6feb43ae7a06b788ee84b5cdcd1401d948ce3780c0aabe8
INFO:root:[04/08/2022,20:03:37] PROGRAM RUNNING , NETWORK IS TESTNET
INFO:root:[04/08/2022,20:07:42] PROGRAM RUNNING , NETWORK IS TESTNET
INFO:root:[04/08/2022,20:07:43] BUYING PROGRAM IS EXECUTE | YOUR TX HASH INFO :: 0x74338f177f1b6e8ab511654ff936ff8d639bfcdcdee4b8aa45a9d34e54bccb08
INFO:root:[04/08/2022,20:07:42] APPROVE SELL IS EXECUTE | YOUR TX HASH INFO :: 0x4a8a8b7b05c8a4cc82a52d167f721098a7dbf55fe4a89592f3027c4556249827
INFO:root:[04/08/2022,20:07:42] SELL IS EXECUTE | YOUR TX HASH INFO :: 0x2ed46a083f58425cefa5141f481d375562688b26a4a607535073c93ddf39755d
INFO:root:[04/08/2022,20:08:13] PROGRAM RUNNING , NETWORK IS TESTNET
INFO:root:[04/08/2022,20:10:07] PROGRAM RUNNING , NETWORK IS TESTNET
INFO:root:[04/08/2022,20:10:10] BUYING PROGRAM IS EXECUTE | YOUR TX HASH INFO :: 0x1fe98f7f3f7aefaa943083531c4a3d359295335bca592641386095f42dbb5110
INFO:root:[04/08/2022,20:10:07] APPROVE SELL IS EXECUTE | YOUR TX HASH INFO :: 0xaffbc85125c9844775deb6d32e6f04dae696774ea831bd5f4e2ed1f17689b642
INFO:root:[04/08/2022,20:10:07] SELL IS EXECUTE | YOUR TX HASH INFO :: 0x65a6fbc5c33befbf3342fb5bf0df8fbe281030df83f08e49cde9457e16103169
INFO:root:[04/08/2022,20:10:43] PROGRAM RUNNING , NETWORK IS TESTNET
INFO:root:[04/08/2022,20:12:01] PROGRAM RUNNING , NETWORK IS TESTNET
INFO:root:[04/08/2022,20:12:03] BUYING PROGRAM IS EXECUTE | YOUR TX HASH INFO :: 0x41d44c7566c165950403a0a9f993b3c2882a2058d78d0168df79283b46d5d13b
INFO:root:[04/08/2022,20:12:01] APPROVE SELL IS EXECUTE | YOUR TX HASH INFO :: 0x99b9e35ba5d3142a735e039d84e30bf2883fa09233eb0d71cabb817362b2132a
INFO:root:[04/08/2022,20:12:01] SELL IS EXECUTE | YOUR TX HASH INFO :: 0xd891c89ad68d01951544304c1b32ae0f4f19b980ec7e723e8638dda392e34ab5
INFO:root:[04/08/2022,20:12:39] PROGRAM RUNNING , NETWORK IS TESTNET
INFO:root:[04/08/2022,20:13:48] PROGRAM RUNNING , NETWORK IS TESTNET
INFO:root:[04/08/2022,20:13:50] BUYING PROGRAM IS EXECUTE | YOUR TX HASH INFO :: 0x81bb9a8395d18baa0b957bcb01bd368b23de20a189fde062433434aef80fdc82
INFO:root:[04/08/2022,20:13:49] APPROVE SELL IS EXECUTE | YOUR TX HASH INFO :: 0x4ef5ae1d24656af26194a3ff1924a625d6e86ba415e3a8dd93300f082cee52d3
INFO:root:[04/08/2022,20:13:49] SELL IS EXECUTE | YOUR TX HASH INFO :: 0x37704d8648e788f681f4142a31b07f5a9fc3b2d22326734784b2dbb251779bd2
INFO:root:[04/08/2022,20:14:43] PROGRAM RUNNING , NETWORK IS TESTNET
INFO:root:[04/08/2022,20:20:57] BUYING PROGRAM IS EXECUTE | YOUR TX HASH INFO :: 0xc33b39feeb50f043909d4fb9f4a1e9c7dfe9ad288b557d9b6867d2d290464561
INFO:root:[04/08/2022,20:14:44] APPROVE SELL IS EXECUTE | YOUR TX HASH INFO :: 0x6806b8c202b3ea71917980dbaaaef845e462f542e3220a62f6c7d81cb2152725
INFO:root:[04/08/2022,20:14:44] SELL IS EXECUTE | YOUR TX HASH INFO :: 0x7de075b442eed0f42ccf84240c44a8e2d4452cac90b6334c83941a9bed330268
INFO:root:[04/08/2022,20:21:33] PROGRAM RUNNING , NETWORK IS TESTNET
INFO:root:[04/08/2022,20:24:34] PROGRAM RUNNING , NETWORK IS TESTNET
INFO:root:[04/08/2022,20:24:58] PROGRAM RUNNING , NETWORK IS TESTNET
INFO:root:[04/08/2022,20:25:02] BUYING PROGRAM IS EXECUTE | YOUR TX HASH INFO :: 0x98460260d0998b7049d6c31f94483aa3037605efe4e7dff16103f265939f8f7b
INFO:root:[04/08/2022,20:24:58] APPROVE SELL IS EXECUTE | YOUR TX HASH INFO :: 0x07ea518038ab6580af0a8e5e535a4e29dca07cf74ec0779c4037eb7ce4233c48
INFO:root:[04/08/2022,20:24:58] SELL IS EXECUTE | YOUR TX HASH INFO :: 0x892fc6a23c25c045ad085a0e87a504660ba9a61d7ef1e20eddb4639409da271d
INFO:root:[04/08/2022,20:25:37] PROGRAM RUNNING , NETWORK IS TESTNET
INFO:root:[04/08/2022,20:25:44] BUYING PROGRAM IS EXECUTE | YOUR TX HASH INFO :: 0x58a047aaca4ac40f10fb218134aff1fb3896c2456381d8a4190831f8ab46480c
INFO:root:[04/08/2022,20:25:37] APPROVE SELL IS EXECUTE | YOUR TX HASH INFO :: 0x0414c978b6dea5a4373254a08d7e819c3104ace76ab7a994ebe8dc2e4fd95711
INFO:root:[04/08/2022,20:25:37] SELL IS EXECUTE | YOUR TX HASH INFO :: 0xf95ca881e8f8489f4ad5dc808c03ab504e57409709f55bd5e531e746296f4381
INFO:root:[04/08/2022,20:26:19] PROGRAM RUNNING , NETWORK IS TESTNET
INFO:root:[04/08/2022,20:27:01] PROGRAM RUNNING , NETWORK IS TESTNET
INFO:root:[04/08/2022,20:27:16] PROGRAM RUNNING , NETWORK IS TESTNET
INFO:root:[04/08/2022,20:27:22] PROGRAM RUNNING , NETWORK IS TESTNET
INFO:root:[04/08/2022,20:27:28] BUYING PROGRAM IS EXECUTE | YOUR TX HASH INFO :: 0x51627916f029af1db1cef868f0b295c230e1d4c4956eab45b16a47545263cbe1
INFO:root:[04/08/2022,20:27:22] APPROVE SELL IS EXECUTE | YOUR TX HASH INFO :: 0xdb7e41d447f3ec81086a412fa3fbeb363693aa77d7e1c8de304318e5e3aaf7d3
INFO:root:[04/08/2022,20:27:22] SELL IS EXECUTE | YOUR TX HASH INFO :: 0xa095845453962933ecae74750cdbe59a0677ab6fcff3e0b52aa6b199a8e0c2d4
INFO:root:[04/08/2022,20:28:08] PROGRAM RUNNING , NETWORK IS TESTNET
INFO:root:[04/08/2022,20:28:21] PROGRAM RUNNING , NETWORK IS TESTNET
INFO:root:[04/08/2022,20:28:33] BUYING PROGRAM IS EXECUTE | YOUR TX HASH INFO :: 0xf07d95e647665239393b6760cad9bd435cfd5f7506fa54c17b0db3b897a94735
INFO:root:[04/08/2022,20:28:21] APPROVE SELL IS EXECUTE | YOUR TX HASH INFO :: 0x5252a789efa136a6edcd3c09c6551ff0936907420fdeca1d6e94e9f756c51a5b
INFO:root:[04/08/2022,20:28:21] SELL IS EXECUTE | YOUR TX HASH INFO :: 0x803d44ab3b74f72c5d66190fa88ad468322ac532870e1772559afb986af1d115
INFO:root:[04/08/2022,20:29:22] PROGRAM RUNNING , NETWORK IS TESTNET
INFO:root:[04/08/2022,20:29:52] PROGRAM RUNNING , NETWORK IS TESTNET
INFO:root:[04/08/2022,20:29:57] BUYING PROGRAM IS EXECUTE | YOUR TX HASH INFO :: 0xa714f4ce723c052bde43557995df555d79cb2ae0b66cc1255e07528c4edd54bd
INFO:root:[04/08/2022,20:29:53] APPROVE SELL IS EXECUTE | YOUR TX HASH INFO :: 0x613918af683e1a0160feac38ceba5f10c5fb430c32ef5d4bd3d0f71bd4518a04
INFO:root:[04/08/2022,20:29:53] SELL IS EXECUTE | YOUR TX HASH INFO :: 0x1da7042600d1804c02f01030487fefe86e6b44d2d98267bdbb72745f87fcf77e
INFO:root:[04/08/2022,20:30:35] PROGRAM RUNNING , NETWORK IS TESTNET
INFO:root:[04/08/2022,20:31:03] PROGRAM RUNNING , NETWORK IS TESTNET
INFO:root:[04/08/2022,20:31:06] BUYING PROGRAM IS EXECUTE | YOUR TX HASH INFO :: 0x8d81c02d2825c2995c006ff5283f58ead9e75db1474215c4dd614db2c1dc6df1
INFO:root:[04/08/2022,20:31:04] APPROVE SELL IS EXECUTE | YOUR TX HASH INFO :: 0xda6affcf066fdf9f4375af15498b165e36568dad7fa618e9c532be159ae9c7c1
INFO:root:[04/08/2022,20:31:04] SELL IS EXECUTE | YOUR TX HASH INFO :: 0x66aad5734175842fbcb5d8e577298e63076f9e3aa9fb7deedafaaba59dca0ed4
INFO:root:[04/08/2022,20:31:46] PROGRAM RUNNING , NETWORK IS TESTNET
INFO:root:[04/08/2022,20:32:09] PROGRAM RUNNING , NETWORK IS TESTNET
INFO:root:[04/08/2022,20:32:11] BUYING PROGRAM IS EXECUTE | YOUR TX HASH INFO :: 0x8f3293c85822f4e237efdd16cd089721efd8e29ad43025ab4d105d34f3fda0a1
INFO:root:[04/08/2022,20:32:09] APPROVE SELL IS EXECUTE | YOUR TX HASH INFO :: 0x6f64cf8526d3fc142cf249b7aa6529094f398155b2ae10d12ae88d803bc56528
INFO:root:[04/08/2022,20:32:09] SELL IS EXECUTE | YOUR TX HASH INFO :: 0x1d3b8b1318157c2b08f9b1990eed815a789af659eacb79f2e7d32dfbf663cd9e
INFO:root:[04/08/2022,20:32:46] PROGRAM RUNNING , NETWORK IS TESTNET
INFO:root:[04/08/2022,20:33:19] PROGRAM RUNNING , NETWORK IS TESTNET
INFO:root:[04/08/2022,20:33:22] BUYING PROGRAM IS EXECUTE | YOUR TX HASH INFO :: 0x7bf413cf3d4a4d5e40f0b79ceffc8647e9a86992d0dff2a6f0f237121020eca9
INFO:root:[04/08/2022,20:33:20] APPROVE SELL IS EXECUTE | YOUR TX HASH INFO :: 0x3b8b168e2287e547363ef7f60ffedf733e965561f5615d32ebe5703c239dc323
INFO:root:[04/08/2022,20:33:20] SELL IS EXECUTE | YOUR TX HASH INFO :: 0xc06024059bd3f8b364d1e260ff0c38a5a13be2d857d97f00dc1f66cb75d7c381
INFO:root:[04/08/2022,20:34:01] PROGRAM RUNNING , NETWORK IS TESTNET
INFO:root:[04/08/2022,20:35:57] PROGRAM RUNNING , NETWORK IS TESTNET
INFO:root:[04/08/2022,20:36:47] PROGRAM RUNNING , NETWORK IS TESTNET
INFO:root:[04/08/2022,20:36:59] PROGRAM RUNNING , NETWORK IS TESTNET
INFO:root:[04/08/2022,20:37:48] PROGRAM RUNNING , NETWORK IS TESTNET
INFO:root:[04/08/2022,20:37:53] BUYING PROGRAM IS EXECUTE | YOUR TX HASH INFO :: 0xf77917a68f604b3157ebffa883115f76887bf7e3da2cc19535a3abfa1fed7104
INFO:root:[04/08/2022,20:37:48] APPROVE SELL IS EXECUTE | YOUR TX HASH INFO :: 0x7b5af6e2cf3f883f9408ff782a63a1254e6dfab050c572620287fe0d4ac956b7
INFO:root:[04/08/2022,20:39:56] PROGRAM RUNNING , NETWORK IS TESTNET
INFO:root:[04/08/2022,20:39:59] BUYING PROGRAM IS EXECUTE | YOUR TX HASH INFO :: 0xe81bc41c3a5460c8be11ba2295568cb7ce7ac5f52dadc25da184da9b18e36c01
INFO:root:[04/08/2022,20:39:56] APPROVE SELL IS EXECUTE | YOUR TX HASH INFO :: 0x5de4c53afe593a8c5e76a2639a048ecb6f90cb1a45d8e58ec4b901cb3bd8d118
INFO:root:[04/08/2022,20:39:56] SELL IS EXECUTE | YOUR TX HASH INFO :: 0x8a32745bd995bf82afbd84bbe654b3e8037dd88eba1486609b8beabad4091aca
INFO:root:[04/08/2022,20:40:45] PROGRAM RUNNING , NETWORK IS TESTNET
INFO:root:[04/08/2022,20:44:20] PROGRAM RUNNING , NETWORK IS TESTNET
INFO:root:[04/08/2022,20:44:25] BUYING PROGRAM IS EXECUTE | YOUR TX HASH INFO :: 0x5c9c71d77c97bc4ec94110ed78fc5a9e2c869f4b706b047f75b9d5d8c8dd3349
INFO:root:[04/08/2022,20:44:21] APPROVE SELL IS EXECUTE | YOUR TX HASH INFO :: 0xf5ff2330f6959a4dde0e1894b139cbed854ebc936da2375d4676003f44ec7cc3
INFO:root:[04/08/2022,20:44:21] SELL IS EXECUTE | YOUR TX HASH INFO :: 0x44b3a66f10de00c7a53cd70135da64f453fb1735746a47a17cb7d5aa84f2d318
INFO:root:[04/08/2022,20:45:41] PROGRAM RUNNING , NETWORK IS TESTNET
INFO:root:[04/08/2022,20:47:56] PROGRAM RUNNING , NETWORK IS TESTNET
INFO:root:[04/08/2022,20:48:29] PROGRAM RUNNING , NETWORK IS TESTNET
INFO:root:[04/08/2022,20:49:05] PROGRAM RUNNING , NETWORK IS TESTNET
INFO:root:[04/08/2022,20:49:28] PROGRAM RUNNING , NETWORK IS TESTNET
INFO:root:[04/08/2022,20:50:27] PROGRAM RUNNING , NETWORK IS TESTNET
INFO:root:[04/08/2022,20:51:34] PROGRAM RUNNING , NETWORK IS TESTNET
INFO:root:[04/08/2022,20:51:57] PROGRAM RUNNING , NETWORK IS TESTNET
INFO:root:[04/08/2022,20:52:57] PROGRAM RUNNING , NETWORK IS TESTNET
INFO:root:[04/08/2022,20:54:19] PROGRAM RUNNING , NETWORK IS TESTNET
INFO:root:[04/08/2022,20:54:45] BUYING PROGRAM IS EXECUTE | YOUR TX HASH INFO :: 0x74b2f5e03e3683db0521533b1990a632df72755458a7632b56761657eae3e7a9
INFO:root:[04/08/2022,20:58:03] PROGRAM RUNNING , NETWORK IS TESTNET
INFO:root:[04/08/2022,20:58:17] BUYING PROGRAM IS EXECUTE | YOUR TX HASH INFO :: 0xc99b980f5da1e6690c9f8d748670d3611b92956b356396149d12c786c3a4cd44
INFO:root:[04/08/2022,20:59:36] PROGRAM RUNNING , NETWORK IS TESTNET
INFO:root:[04/08/2022,20:59:43] BUYING PROGRAM IS EXECUTE | YOUR TX HASH INFO :: 0xae5d343e0e53fff264271a3f3c7b9ac18ab7a09bc781694040a1a74a2046bdc3
INFO:root:[04/08/2022,21:00:45] PROGRAM RUNNING , NETWORK IS TESTNET
INFO:root:[04/08/2022,21:01:15] PROGRAM RUNNING , NETWORK IS TESTNET
INFO:root:[04/08/2022,21:01:21] BUYING PROGRAM IS EXECUTE | YOUR TX HASH INFO :: 0x9c8c9f86ac363877d48841886d5cab1e10bb27351ecbe1faddd05ffdd353bac0
INFO:root:[04/08/2022,21:01:16] APPROVE SELL IS EXECUTE | YOUR TX HASH INFO :: 0x5ea7e93efe24b85820b25bc55efb7eb4aadd341da85603044c13163967952f6d
INFO:root:[04/08/2022,21:01:16] SELL IS EXECUTE | YOUR TX HASH INFO :: 0x4fa2ff983c00140562039e25198a497250edd54078f13c21714cc33176b4b396
INFO:root:[04/08/2022,21:02:15] PROGRAM RUNNING , NETWORK IS TESTNET
INFO:root:[04/08/2022,21:02:33] PROGRAM RUNNING , NETWORK IS TESTNET
INFO:root:[04/08/2022,21:02:35] BUYING PROGRAM IS EXECUTE | YOUR TX HASH INFO :: 0x2de1f40dcc7511ca46f43eb87a0c0e9a4de0d1ed035112bcbdbc429c13a40d11
INFO:root:[04/08/2022,21:02:33] APPROVE SELL IS EXECUTE | YOUR TX HASH INFO :: 0x65528ec1b64a841fbd0f3613c97e6ec61e4be1c77808dc7cd0ba0c6911b73f54
INFO:root:[04/08/2022,21:02:33] SELL IS EXECUTE | YOUR TX HASH INFO :: 0x15e967ebf3f7a1cfdc168b7f4e66ec9d840861891dc17de45cc7bf29d662aa49
INFO:root:[04/08/2022,21:03:30] PROGRAM RUNNING , NETWORK IS TESTNET
INFO:root:[04/08/2022,21:04:55] PROGRAM RUNNING , NETWORK IS TESTNET
INFO:root:[04/08/2022,21:05:05] PROGRAM RUNNING , NETWORK IS TESTNET
INFO:root:[04/08/2022,21:05:12] BUYING PROGRAM IS EXECUTE | YOUR TX HASH INFO :: 0x97adc0501fbe5ba495d90deb258f4d6cf94198d2f4e7e028d7679211dceb52a4
INFO:root:[04/08/2022,21:05:30] PROGRAM RUNNING , NETWORK IS TESTNET
INFO:root:[04/08/2022,21:06:22] PROGRAM RUNNING , NETWORK IS TESTNET
INFO:root:[04/08/2022,21:06:39] PROGRAM RUNNING , NETWORK IS TESTNET
INFO:root:[04/08/2022,21:07:30] PROGRAM RUNNING , NETWORK IS TESTNET
INFO:root:[04/08/2022,21:14:23] PROGRAM RUNNING , NETWORK IS TESTNET
INFO:root:[04/08/2022,21:14:43] PROGRAM RUNNING , NETWORK IS TESTNET
INFO:root:[04/08/2022,21:14:47] PROGRAM RUNNING , NETWORK IS TESTNET
INFO:root:[04/08/2022,21:15:04] PROGRAM RUNNING , NETWORK IS TESTNET
INFO:root:[04/08/2022,21:15:07] PROGRAM RUNNING , NETWORK IS TESTNET
INFO:root:[04/08/2022,21:15:30] PROGRAM RUNNING , NETWORK IS TESTNET
INFO:root:[04/08/2022,21:15:41] PROGRAM RUNNING , NETWORK IS TESTNET
INFO:root:[04/08/2022,21:18:19] PROGRAM RUNNING , NETWORK IS TESTNET
INFO:root:[04/08/2022,21:19:20] PROGRAM RUNNING , NETWORK IS TESTNET
INFO:root:[04/08/2022,21:19:33] PROGRAM RUNNING , NETWORK IS TESTNET
INFO:root:[04/08/2022,21:19:47] BUYING PROGRAM IS EXECUTE | YOUR TX HASH INFO :: 0xd52db1e27a1ceaa86ec74095cb1808c5d607547711ed7931f5e47265e5d49878
INFO:root:[04/08/2022,21:19:34] APPROVE SELL IS EXECUTE | YOUR TX HASH INFO :: 0x5c87c9aea161240a8e5313d47114f313f4420f11739a02fa6a08360732322820
INFO:root:[04/08/2022,21:19:34] SELL IS EXECUTE | YOUR TX HASH INFO :: 0x46b89dcb3373260b7e2c58a8f00b9e5a486222582fddd2d1ad6c276a32cb4968
INFO:root:[04/08/2022,21:20:33] PROGRAM RUNNING , NETWORK IS TESTNET
INFO:root:[04/08/2022,21:21:50] PROGRAM RUNNING , NETWORK IS TESTNET
INFO:root:[04/08/2022,21:22:23] PROGRAM RUNNING , NETWORK IS TESTNET
INFO:root:[04/08/2022,21:22:35] BUYING PROGRAM IS EXECUTE | YOUR TX HASH INFO :: 0x7582762e8d12df82cb48890f8ac4907d17bc01d5169befd3e5e84ac75ba608d5
INFO:root:[04/08/2022,21:23:16] PROGRAM RUNNING , NETWORK IS TESTNET
INFO:root:[04/08/2022,21:23:20] BUYING PROGRAM IS EXECUTE | YOUR TX HASH INFO :: 0xde468ab2706dae3bc777b5f66a111eff99d9f3ec5d3023e2fa086448e0f4eb53
INFO:root:[04/08/2022,21:23:46] PROGRAM RUNNING , NETWORK IS TESTNET
INFO:root:[04/08/2022,21:23:51] BUYING PROGRAM IS EXECUTE | YOUR TX HASH INFO :: 0xef632daa8a663797609b8e15222cc48d2f001ffc022b2b13656e2a8b90ccb696
INFO:root:[04/08/2022,21:24:04] PROGRAM RUNNING , NETWORK IS TESTNET
INFO:root:[04/08/2022,21:28:42] PROGRAM RUNNING , NETWORK IS TESTNET
INFO:root:[04/08/2022,21:29:35] PROGRAM RUNNING , NETWORK IS TESTNET
INFO:root:[04/08/2022,21:30:08] PROGRAM RUNNING , NETWORK IS TESTNET
INFO:root:[04/08/2022,21:30:43] PROGRAM RUNNING , NETWORK IS TESTNET
INFO:root:[04/08/2022,21:31:01] BUYING PROGRAM IS EXECUTE | YOUR TX HASH INFO :: 0x883170bec4868246b86f896bc06608eadca9be1db20c9a962756bdb26577a931
INFO:root:[04/08/2022,21:30:44] APPROVE SELL IS EXECUTE | YOUR TX HASH INFO :: 0x68bb1fb4801ac213b2a25a9d74d064397a8f5c150dd8ccda8e9b6518f070aecf
INFO:root:[04/08/2022,21:30:44] SELL IS EXECUTE | YOUR TX HASH INFO :: 0x94ba568b4b50ca3281cb1882fb880e97a1c8e9df4486185bf79aa89d56ad3c49
INFO:root:[04/08/2022,21:31:45] PROGRAM RUNNING , NETWORK IS TESTNET
INFO:root:[04/08/2022,21:32:01] PROGRAM RUNNING , NETWORK IS TESTNET
INFO:root:[04/08/2022,21:33:30] PROGRAM RUNNING , NETWORK IS TESTNET
INFO:root:[04/08/2022,21:34:18] PROGRAM RUNNING , NETWORK IS TESTNET
INFO:root:[04/08/2022,21:34:52] PROGRAM RUNNING , NETWORK IS TESTNET
INFO:root:[04/08/2022,21:34:55] BUYING PROGRAM IS EXECUTE | YOUR TX HASH INFO :: 0x7f584c90c76d6d7eb2864fcc55c1bc6c2b4ca04d54f1bc439e904211f2011a4c
INFO:root:[04/08/2022,21:35:25] PROGRAM RUNNING , NETWORK IS TESTNET
INFO:root:[04/08/2022,21:36:19] PROGRAM RUNNING , NETWORK IS TESTNET
INFO:root:[04/08/2022,21:40:52] PROGRAM RUNNING , NETWORK IS TESTNET
INFO:root:[04/08/2022,21:41:02] BUYING PROGRAM IS EXECUTE | YOUR TX HASH INFO :: 0x2bc114ad93cb004903e2b167adf3645c53a2d783c93a73f98308dd71b14ca405
INFO:root:[04/08/2022,21:40:53] APPROVE SELL IS EXECUTE | YOUR TX HASH INFO :: 0x03f16c65541a993e670fd0ab680ab84df5f2bbecf910819164e3ab9039eb0635
INFO:root:[04/08/2022,21:41:38] PROGRAM RUNNING , NETWORK IS TESTNET
INFO:root:[04/08/2022,21:41:50] PROGRAM RUNNING , NETWORK IS TESTNET
INFO:root:[04/08/2022,21:41:54] BUYING PROGRAM IS EXECUTE | YOUR TX HASH INFO :: 0xe7534323ec5a19029ee6e23a38ec7abf71c86d365ed6b78a51c8dff613a45af2
INFO:root:[04/08/2022,21:43:34] PROGRAM RUNNING , NETWORK IS TESTNET
INFO:root:[04/08/2022,21:43:38] BUYING PROGRAM IS EXECUTE | YOUR TX HASH INFO :: 0x6dd695b4a6e6138af6d9fa0a507254163da13035e0894117d5da10da2a071157
INFO:root:[04/08/2022,21:43:35] APPROVE SELL IS EXECUTE | YOUR TX HASH INFO :: 0x84cc7483f6e2ee31adb72a476ed9b190f84da2c48b5196e110bee72926fc2df7
INFO:root:[04/08/2022,21:43:35] SELL IS EXECUTE | YOUR TX HASH INFO :: 0xf889ebdab45a25502258f78b588f54da7da30815638e468ee13d79c473c60af0
INFO:root:[04/08/2022,21:44:33] PROGRAM RUNNING , NETWORK IS TESTNET
INFO:root:[04/08/2022,21:44:52] PROGRAM RUNNING , NETWORK IS TESTNET
INFO:root:[04/08/2022,21:45:24] PROGRAM RUNNING , NETWORK IS TESTNET
INFO:root:[04/08/2022,21:45:36] BUYING PROGRAM IS EXECUTE | YOUR TX HASH INFO :: 0x72f164cd3128949df700d2834f2ca3576df67ae3589ccb042fff9071325ec6a2
INFO:root:[04/08/2022,21:45:24] APPROVE SELL IS EXECUTE | YOUR TX HASH INFO :: 0x6d23bc311447909968868d56608f0a2d2c5cfad89bf518623fcdf04e90658ced
INFO:root:[04/08/2022,21:45:24] SELL IS EXECUTE | YOUR TX HASH INFO :: 0x58c2946f3a7e3255e68a26bc3e097882be6867c41d90b0a1623f58fdab85a90e
INFO:root:[04/08/2022,21:46:46] PROGRAM RUNNING , NETWORK IS TESTNET
INFO:root:[04/08/2022,21:48:14] PROGRAM RUNNING , NETWORK IS TESTNET
INFO:root:[04/08/2022,21:48:18] BUYING PROGRAM IS EXECUTE | YOUR TX HASH INFO :: 0x74fb24aa4cde98cd7c9360d8fdb4d05d10584757c9704f07eaf554667487bb18
INFO:root:[04/08/2022,21:48:14] APPROVE SELL IS EXECUTE | YOUR TX HASH INFO :: 0xf7c6ba99e6d77712d7e2c0b0149f56b4d50c28297feefb3bec281c9cbb28ac69
INFO:root:[04/08/2022,21:48:14] SELL IS EXECUTE | YOUR TX HASH INFO :: 0x4d3d0ef7107a95e4634e49c376585c123fc53437ea495e780f839a23f4df97b0
INFO:root:[04/08/2022,21:49:38] PROGRAM RUNNING , NETWORK IS TESTNET
INFO:root:[04/08/2022,22:06:34] PROGRAM RUNNING , NETWORK IS TESTNET
INFO:root:[04/08/2022,22:07:00] BUYING PROGRAM IS EXECUTE | YOUR TX HASH INFO :: 0xfb4c284e148603523c1eb3e402ac0b2d48e2d55993706f125efd955cd7618e37
INFO:root:[04/08/2022,22:06:34] APPROVE SELL IS EXECUTE | YOUR TX HASH INFO :: 0xe630fbf8615df6c932e410788aefe22019770a6c22d79f469393cb5fbe559519
INFO:root:[04/08/2022,22:06:34] SELL IS EXECUTE | YOUR TX HASH INFO :: 0x1892f36a01589d2a59b9272a19a591e92b0c8757edf100f68c23338adf255ec0
INFO:root:[04/08/2022,22:07:44] PROGRAM RUNNING , NETWORK IS TESTNET
INFO:root:[04/09/2022,00:02:54] PROGRAM RUNNING , NETWORK IS TESTNET
INFO:root:[04/09/2022,00:02:57] BUYING PROGRAM IS EXECUTE | YOUR TX HASH INFO :: 0xafa9b10c0cf053fefe84a24dab6e162d6336784117ce7569f175b0a9cce2d668
INFO:root:[04/09/2022,00:02:54] APPROVE SELL IS EXECUTE | YOUR TX HASH INFO :: 0x4b35976af63313679e0b63864e69b7e41775b66aa0f9fbfd5028e8369267e48b
INFO:root:[04/09/2022,00:02:54] SELL IS EXECUTE | YOUR TX HASH INFO :: 0x032e81d2923bf162903d4e60acea165a7307b223301f7bfe51b60b42e04acf02
INFO:root:[04/09/2022,00:03:38] PROGRAM RUNNING , NETWORK IS TESTNET
INFO:root:[04/09/2022,00:03:46] PROGRAM RUNNING , NETWORK IS TESTNET
INFO:root:[04/09/2022,00:24:04] BUYING PROGRAM IS EXECUTE | YOUR TX HASH INFO :: 0x5cee53151ff2607d514e3f8c2d2cda2c0c62caad06610a2cb76619978f6421bd
INFO:root:[04/09/2022,00:03:46] APPROVE SELL IS EXECUTE | YOUR TX HASH INFO :: 0xb8347e44dbaea2fd09782de904f13879ded2804365ac9f2441b1b1d094a19e1b
INFO:root:[04/09/2022,00:03:46] SELL IS EXECUTE | YOUR TX HASH INFO :: 0xe58fa85e26ea7c05d35d0ed15e1ee8f0e1d685e0df21ee6b6501894ac717e272
INFO:root:[04/09/2022,00:24:46] PROGRAM RUNNING , NETWORK IS TESTNET
INFO:root:[04/09/2022,00:51:01] PROGRAM RUNNING , NETWORK IS TESTNET
INFO:root:[04/09/2022,00:55:26] PROGRAM RUNNING , NETWORK IS TESTNET
INFO:root:[04/09/2022,00:55:30] PROGRAM RUNNING , NETWORK IS TESTNET
